android (1)/app (1)/build (1)/intermediates (1)/manifest_merge_blame_file (1)/debug (1)/processDebugMainManifest (1)/manifest-merger-blame-debug-report.txt
1<?xml version="1.0" encoding="utf-8"?>
2<manifest xmlns:android="http://schemas.android.com/apk/res/android"
3    package="com.example.luggease"
4    android:versionCode="1"
5    android:versionName="1.0.0" >
6
7    <uses-sdk
8        android:minSdkVersion="24"
9        android:targetSdkVersion="36" />
10    <!--
11         The INTERNET permission is required for development. Specifically,
12         the Flutter tool needs it to communicate with the running application
13         to allow setting breakpoints, to provide hot reload, etc.
14    -->
15    <uses-permission android:name="android.permission.INTERNET" />
15-->src\debug\AndroidManifest.xml:6:5-66
15-->src\debug\AndroidManifest.xml:6:22-64
16
17    <queries>
17-->src\main\AndroidManifest.xml:35:5-40:15
18        <intent>
18-->src\main\AndroidManifest.xml:36:9-39:18
19            <action android:name="android.intent.action.PROCESS_TEXT" />
19-->src\main\AndroidManifest.xml:37:13-72
19-->src\main\AndroidManifest.xml:37:21-70
20
21            <data android:mimeType="text/plain" />
21-->src\main\AndroidManifest.xml:38:13-50
21-->src\main\AndroidManifest.xml:38:19-48
22        </intent>
23        <!-- Needs to be explicitly declared on Android R+ -->
24        <package android:name="com.google.android.apps.maps" />
24-->[com.google.android.gms:play-services-maps:20.0.0] AndroidManifest.xml:29:7-61
24-->[com.google.android.gms:play-services-maps:20.0.0] AndroidManifest.xml:29:16-59
25    </queries>
26
27    <uses-feature android:name="android.hardware.camera.any" />
27-->[:camera_android_camerax] AndroidManifest.xml:7:5-64
27-->[:camera_android_camerax] AndroidManifest.xml:7:19-61
28
29    <uses-permission android:name="android.permission.CAMERA" />
29-->[:camera_android_camerax] AndroidManifest.xml:9:5-65
29-->[:camera_android_camerax] AndroidManifest.xml:9:22-62
30    <uses-permission android:name="android.permission.RECORD_AUDIO" />
30-->[:camera_android_camerax] AndroidManifest.xml:10:5-71
30-->[:camera_android_camerax] AndroidManifest.xml:10:22-68
31    <uses-permission
31-->[:camera_android_camerax] AndroidManifest.xml:11:5-13:38
32        android:name="android.permission.WRITE_EXTERNAL_STORAGE"
32-->[:camera_android_camerax] AndroidManifest.xml:12:9-65
33        android:maxSdkVersion="28" />
33-->[:camera_android_camerax] AndroidManifest.xml:13:9-35
34    <uses-permission android:name="android.permission.READ_EXTERNAL_STORAGE" />
35    <uses-permission android:name="android.permission.WAKE_LOCK" />
35-->[:firebase_messaging] AndroidManifest.xml:8:5-68
35-->[:firebase_messaging] AndroidManifest.xml:8:22-65
36    <uses-permission android:name="android.permission.ACCESS_NETWORK_STATE" /> <!-- Permissions options for the `notification` group -->
36-->[:firebase_messaging] AndroidManifest.xml:9:5-79
36-->[:firebase_messaging] AndroidManifest.xml:9:22-76
37    <uses-permission android:name="android.permission.POST_NOTIFICATIONS" />
37-->[:firebase_messaging] AndroidManifest.xml:11:5-77
37-->[:firebase_messaging] AndroidManifest.xml:11:22-74
38
39    <uses-feature
39-->[com.google.android.gms:play-services-maps:20.0.0] AndroidManifest.xml:22:5-24:33
40        android:glEsVersion="0x00020000"
40-->[com.google.android.gms:play-services-maps:20.0.0] AndroidManifest.xml:23:8-40
41        android:required="true" /> <!-- Required by older versions of Google Play services to create IID tokens -->
41-->[com.google.android.gms:play-services-maps:20.0.0] AndroidManifest.xml:24:8-31
42    <uses-permission android:name="com.google.android.c2dm.permission.RECEIVE" />
42-->[com.google.firebase:firebase-messaging:24.1.2] AndroidManifest.xml:26:5-82
42-->[com.google.firebase:firebase-messaging:24.1.2] AndroidManifest.xml:26:22-79
43    <uses-permission android:name="com.google.android.providers.gsf.permission.READ_GSERVICES" />
43-->[com.google.android.recaptcha:recaptcha:18.6.1] AndroidManifest.xml:9:5-98
43-->[com.google.android.recaptcha:recaptcha:18.6.1] AndroidManifest.xml:9:22-95
44
45    <permission
45-->[androidx.core:core:1.17.0] AndroidManifest.xml:22:5-24:47
46        android:name="com.example.luggease.DYNAMIC_RECEIVER_NOT_EXPORTED_PERMISSION"
46-->[androidx.core:core:1.17.0] AndroidManifest.xml:23:9-81
47        android:protectionLevel="signature" />
47-->[androidx.core:core:1.17.0] AndroidManifest.xml:24:9-44
48
49    <uses-permission android:name="com.example.luggease.DYNAMIC_RECEIVER_NOT_EXPORTED_PERMISSION" />
49-->[androidx.core:core:1.17.0] AndroidManifest.xml:26:5-97
49-->[androidx.core:core:1.17.0] AndroidManifest.xml:26:22-94
50
51    <application
51-->src\main\AndroidManifest.xml:3:5-33:19
52        android:appComponentFactory="androidx.core.app.CoreComponentFactory"
52-->[androidx.core:core:1.17.0] AndroidManifest.xml:28:18-86
53        android:debuggable="true"
54        android:extractNativeLibs="false"
55        android:icon="@mipmap/ic_launcher"
55-->src\main\AndroidManifest.xml:5:5-39
56        android:label="LuggEase" >
56-->src\main\AndroidManifest.xml:6:5-29
57        <activity
57-->src\main\AndroidManifest.xml:8:9-27:20
58            android:name="com.example.luggease.MainActivity"
58-->src\main\AndroidManifest.xml:9:13-41
59            android:configChanges="orientation|keyboardHidden|keyboard|screenSize|smallestScreenSize|locale|layoutDirection|fontScale|screenLayout|density|uiMode"
59-->src\main\AndroidManifest.xml:14:13-163
60            android:exported="true"
60-->src\main\AndroidManifest.xml:10:13-36
61            android:hardwareAccelerated="true"
61-->src\main\AndroidManifest.xml:15:13-47
62            android:launchMode="singleTop"
62-->src\main\AndroidManifest.xml:11:13-43
63            android:taskAffinity=""
63-->src\main\AndroidManifest.xml:12:13-36
64            android:theme="@style/LaunchTheme"
64-->src\main\AndroidManifest.xml:13:13-47
65            android:windowSoftInputMode="adjustResize" >
65-->src\main\AndroidManifest.xml:16:13-55
66            <meta-data
66-->src\main\AndroidManifest.xml:18:13-20:54
67                android:name="io.flutter.embedding.android.NormalTheme"
67-->src\main\AndroidManifest.xml:19:15-70
68                android:resource="@style/NormalTheme" />
68-->src\main\AndroidManifest.xml:20:15-52
69
70            <intent-filter>
70-->src\main\AndroidManifest.xml:22:13-25:29
71                <action android:name="android.intent.action.MAIN" />
71-->src\main\AndroidManifest.xml:23:17-68
71-->src\main\AndroidManifest.xml:23:25-66
72
73                <category android:name="android.intent.category.LAUNCHER" />
73-->src\main\AndroidManifest.xml:24:17-76
73-->src\main\AndroidManifest.xml:24:27-74
74            </intent-filter>
75        </activity>
76
77        <meta-data
77-->src\main\AndroidManifest.xml:29:9-31:33
78            android:name="flutterEmbedding"
78-->src\main\AndroidManifest.xml:30:13-44
79            android:value="2" />
79-->src\main\AndroidManifest.xml:31:13-30
80
81        <service
81-->[androidx.camera:camera-camera2:1.5.3] AndroidManifest.xml:24:9-33:19
82            android:name="androidx.camera.core.impl.MetadataHolderService"
82-->[androidx.camera:camera-camera2:1.5.3] AndroidManifest.xml:25:13-75
83            android:enabled="false"
83-->[androidx.camera:camera-camera2:1.5.3] AndroidManifest.xml:26:13-36
84            android:exported="false" >
84-->[androidx.camera:camera-camera2:1.5.3] AndroidManifest.xml:27:13-37
85            <meta-data
85-->[androidx.camera:camera-camera2:1.5.3] AndroidManifest.xml:30:13-32:89
86                android:name="androidx.camera.core.impl.MetadataHolderService.DEFAULT_CONFIG_PROVIDER"
86-->[androidx.camera:camera-camera2:1.5.3] AndroidManifest.xml:31:17-103
87                android:value="androidx.camera.camera2.Camera2Config$DefaultProvider" />
87-->[androidx.camera:camera-camera2:1.5.3] AndroidManifest.xml:32:17-86
88        </service>
89        <service
89-->[:geolocator_android] AndroidManifest.xml:8:9-12:56
90            android:name="com.baseflow.geolocator.GeolocatorLocationService"
90-->[:geolocator_android] AndroidManifest.xml:9:13-77
91            android:enabled="true"
91-->[:geolocator_android] AndroidManifest.xml:10:13-35
92            android:exported="false"
92-->[:geolocator_android] AndroidManifest.xml:11:13-37
93            android:foregroundServiceType="location" />
93-->[:geolocator_android] AndroidManifest.xml:12:13-53
94
95        <provider
95-->[:image_picker_android] AndroidManifest.xml:9:9-17:20
96            android:name="io.flutter.plugins.imagepicker.ImagePickerFileProvider"
96-->[:image_picker_android] AndroidManifest.xml:10:13-82
97            android:authorities="com.example.luggease.flutter.image_provider"
97-->[:image_picker_android] AndroidManifest.xml:11:13-74
98            android:exported="false"
98-->[:image_picker_android] AndroidManifest.xml:12:13-37
99            android:grantUriPermissions="true" >
99-->[:image_picker_android] AndroidManifest.xml:13:13-47
100            <meta-data
100-->[:image_picker_android] AndroidManifest.xml:14:13-16:75
101                android:name="android.support.FILE_PROVIDER_PATHS"
101-->[:image_picker_android] AndroidManifest.xml:15:17-67
102                android:resource="@xml/flutter_image_picker_file_paths" />
102-->[:image_picker_android] AndroidManifest.xml:16:17-72
103        </provider> <!-- Trigger Google Play services to install the backported photo picker module. -->
104        <service
104-->[:image_picker_android] AndroidManifest.xml:19:9-31:19
105            android:name="com.google.android.gms.metadata.ModuleDependencies"
105-->[:image_picker_android] AndroidManifest.xml:20:13-78
106            android:enabled="false"
106-->[:image_picker_android] AndroidManifest.xml:21:13-36
107            android:exported="false" >
107-->[:image_picker_android] AndroidManifest.xml:22:13-37
108            <intent-filter>
108-->[:image_picker_android] AndroidManifest.xml:24:13-26:29
109                <action android:name="com.google.android.gms.metadata.MODULE_DEPENDENCIES" />
109-->[:image_picker_android] AndroidManifest.xml:25:17-94
109-->[:image_picker_android] AndroidManifest.xml:25:25-91
110            </intent-filter>
111
112            <meta-data
112-->[:image_picker_android] AndroidManifest.xml:28:13-30:36
113                android:name="photopicker_activity:0:required"
113-->[:image_picker_android] AndroidManifest.xml:29:17-63
114                android:value="" />
114-->[:image_picker_android] AndroidManifest.xml:30:17-33
115        </service>
116        <service
116-->[:cloud_firestore] AndroidManifest.xml:8:9-12:19
117            android:name="com.google.firebase.components.ComponentDiscoveryService"
117-->[:cloud_firestore] AndroidManifest.xml:8:18-89
118            android:directBootAware="true"
118-->[com.google.firebase:firebase-common:21.0.0] AndroidManifest.xml:32:13-43
119            android:exported="false" >
119-->[com.google.firebase:firebase-firestore:25.1.4] AndroidManifest.xml:16:13-37
120            <meta-data
120-->[:cloud_firestore] AndroidManifest.xml:9:13-11:85
121                android:name="com.google.firebase.components:io.flutter.plugins.firebase.firestore.FlutterFirebaseFirestoreRegistrar"
121-->[:cloud_firestore] AndroidManifest.xml:10:17-134
122                android:value="com.google.firebase.components.ComponentRegistrar" />
122-->[:cloud_firestore] AndroidManifest.xml:11:17-82
123            <meta-data
123-->[:firebase_auth] AndroidManifest.xml:9:13-11:85
124                android:name="com.google.firebase.components:io.flutter.plugins.firebase.auth.FlutterFirebaseAuthRegistrar"
124-->[:firebase_auth] AndroidManifest.xml:10:17-124
125                android:value="com.google.firebase.components.ComponentRegistrar" />
125-->[:firebase_auth] AndroidManifest.xml:11:17-82
126            <meta-data
126-->[:firebase_messaging] AndroidManifest.xml:36:13-38:85
127                android:name="com.google.firebase.components:io.flutter.plugins.firebase.messaging.FlutterFirebaseAppRegistrar"
127-->[:firebase_messaging] AndroidManifest.xml:37:17-128
128                android:value="com.google.firebase.components.ComponentRegistrar" />
128-->[:firebase_messaging] AndroidManifest.xml:38:17-82
129            <meta-data
129-->[:firebase_storage] AndroidManifest.xml:9:13-11:85
130                android:name="com.google.firebase.components:io.flutter.plugins.firebase.storage.FlutterFirebaseAppRegistrar"
130-->[:firebase_storage] AndroidManifest.xml:10:17-126
131                android:value="com.google.firebase.components.ComponentRegistrar" />
131-->[:firebase_storage] AndroidManifest.xml:11:17-82
132            <meta-data
132-->[:firebase_core] AndroidManifest.xml:9:13-11:85
133                android:name="com.google.firebase.components:io.flutter.plugins.firebase.core.FlutterFirebaseCoreRegistrar"
133-->[:firebase_core] AndroidManifest.xml:10:17-124
134                android:value="com.google.firebase.components.ComponentRegistrar" />
134-->[:firebase_core] AndroidManifest.xml:11:17-82
135            <meta-data
135-->[com.google.firebase:firebase-firestore:25.1.4] AndroidManifest.xml:17:13-19:85
136                android:name="com.google.firebase.components:com.google.firebase.firestore.FirebaseFirestoreKtxRegistrar"
136-->[com.google.firebase:firebase-firestore:25.1.4] AndroidManifest.xml:18:17-122
137                android:value="com.google.firebase.components.ComponentRegistrar" />
137-->[com.google.firebase:firebase-firestore:25.1.4] AndroidManifest.xml:19:17-82
138            <meta-data
138-->[com.google.firebase:firebase-firestore:25.1.4] AndroidManifest.xml:20:13-22:85
139                android:name="com.google.firebase.components:com.google.firebase.firestore.FirestoreRegistrar"
139-->[com.google.firebase:firebase-firestore:25.1.4] AndroidManifest.xml:21:17-111
140                android:value="com.google.firebase.components.ComponentRegistrar" />
140-->[com.google.firebase:firebase-firestore:25.1.4] AndroidManifest.xml:22:17-82
141            <meta-data
141-->[com.google.firebase:firebase-messaging:24.1.2] AndroidManifest.xml:57:13-59:85
142                android:name="com.google.firebase.components:com.google.firebase.messaging.FirebaseMessagingKtxRegistrar"
142-->[com.google.firebase:firebase-messaging:24.1.2] AndroidManifest.xml:58:17-122
143                android:value="com.google.firebase.components.ComponentRegistrar" />
143-->[com.google.firebase:firebase-messaging:24.1.2] AndroidManifest.xml:59:17-82
144            <meta-data
144-->[com.google.firebase:firebase-messaging:24.1.2] AndroidManifest.xml:60:13-62:85
145                android:name="com.google.firebase.components:com.google.firebase.messaging.FirebaseMessagingRegistrar"
145-->[com.google.firebase:firebase-messaging:24.1.2] AndroidManifest.xml:61:17-119
146                android:value="com.google.firebase.components.ComponentRegistrar" />
146-->[com.google.firebase:firebase-messaging:24.1.2] AndroidManifest.xml:62:17-82
147            <meta-data
147-->[com.google.firebase:firebase-storage:21.0.2] AndroidManifest.xml:30:13-32:85
148                android:name="com.google.firebase.components:com.google.firebase.storage.FirebaseStorageKtxRegistrar"
148-->[com.google.firebase:firebase-storage:21.0.2] AndroidManifest.xml:31:17-118
149                android:value="com.google.firebase.components.ComponentRegistrar" />
149-->[com.google.firebase:firebase-storage:21.0.2] AndroidManifest.xml:32:17-82
150            <meta-data
150-->[com.google.firebase:firebase-storage:21.0.2] AndroidManifest.xml:33:13-35:85
151                android:name="com.google.firebase.components:com.google.firebase.storage.StorageRegistrar"
151-->[com.google.firebase:firebase-storage:21.0.2] AndroidManifest.xml:34:17-107
152                android:value="com.google.firebase.components.ComponentRegistrar" />
152-->[com.google.firebase:firebase-storage:21.0.2] AndroidManifest.xml:35:17-82
153            <meta-data
153-->[com.google.firebase:firebase-auth:23.2.1] AndroidManifest.xml:69:13-71:85
154                android:name="com.google.firebase.components:com.google.firebase.auth.FirebaseAuthRegistrar"
154-->[com.google.firebase:firebase-auth:23.2.1] AndroidManifest.xml:70:17-109
155                android:value="com.google.firebase.components.ComponentRegistrar" />
155-->[com.google.firebase:firebase-auth:23.2.1] AndroidManifest.xml:71:17-82
156            <meta-data
156-->[com.google.firebase:firebase-appcheck:18.0.0] AndroidManifest.xml:25:13-27:85
157                android:name="com.google.firebase.components:com.google.firebase.appcheck.FirebaseAppCheckKtxRegistrar"
157-->[com.google.firebase:firebase-appcheck:18.0.0] AndroidManifest.xml:26:17-120
158                android:value="com.google.firebase.components.ComponentRegistrar" />
158-->[com.google.firebase:firebase-appcheck:18.0.0] AndroidManifest.xml:27:17-82
159            <meta-data
159-->[com.google.firebase:firebase-appcheck:18.0.0] AndroidManifest.xml:28:13-30:85
160                android:name="com.google.firebase.components:com.google.firebase.appcheck.FirebaseAppCheckRegistrar"
160-->[com.google.firebase:firebase-appcheck:18.0.0] AndroidManifest.xml:29:17-117
161                android:value="com.google.firebase.components.ComponentRegistrar" />
161-->[com.google.firebase:firebase-appcheck:18.0.0] AndroidManifest.xml:30:17-82
162            <meta-data
162-->[com.google.firebase:firebase-installations:18.0.0] AndroidManifest.xml:15:13-17:85
163                android:name="com.google.firebase.components:com.google.firebase.installations.FirebaseInstallationsKtxRegistrar"
163-->[com.google.firebase:firebase-installations:18.0.0] AndroidManifest.xml:16:17-130
164                android:value="com.google.firebase.components.ComponentRegistrar" />
164-->[com.google.firebase:firebase-installations:18.0.0] AndroidManifest.xml:17:17-82
165            <meta-data
165-->[com.google.firebase:firebase-installations:18.0.0] AndroidManifest.xml:18:13-20:85
166                android:name="com.google.firebase.components:com.google.firebase.installations.FirebaseInstallationsRegistrar"
166-->[com.google.firebase:firebase-installations:18.0.0] AndroidManifest.xml:19:17-127
167                android:value="com.google.firebase.components.ComponentRegistrar" />
167-->[com.google.firebase:firebase-installations:18.0.0] AndroidManifest.xml:20:17-82
168            <meta-data
168-->[com.google.firebase:firebase-common-ktx:21.0.0] AndroidManifest.xml:12:13-14:85
169                android:name="com.google.firebase.components:com.google.firebase.ktx.FirebaseCommonLegacyRegistrar"
169-->[com.google.firebase:firebase-common-ktx:21.0.0] AndroidManifest.xml:13:17-116
170                android:value="com.google.firebase.components.ComponentRegistrar" />
170-->[com.google.firebase:firebase-common-ktx:21.0.0] AndroidManifest.xml:14:17-82
171            <meta-data
171-->[com.google.firebase:firebase-common:21.0.0] AndroidManifest.xml:35:13-37:85
172                android:name="com.google.firebase.components:com.google.firebase.FirebaseCommonKtxRegistrar"
172-->[com.google.firebase:firebase-common:21.0.0] AndroidManifest.xml:36:17-109
173                android:value="com.google.firebase.components.ComponentRegistrar" />
173-->[com.google.firebase:firebase-common:21.0.0] AndroidManifest.xml:37:17-82
174            <meta-data
174-->[com.google.firebase:firebase-datatransport:18.2.0] AndroidManifest.xml:25:13-27:85
175                android:name="com.google.firebase.components:com.google.firebase.datatransport.TransportRegistrar"
175-->[com.google.firebase:firebase-datatransport:18.2.0] AndroidManifest.xml:26:17-115
176                android:value="com.google.firebase.components.ComponentRegistrar" />
176-->[com.google.firebase:firebase-datatransport:18.2.0] AndroidManifest.xml:27:17-82
177        </service>
178        <service
178-->[:firebase_messaging] AndroidManifest.xml:14:9-17:72
179            android:name="io.flutter.plugins.firebase.messaging.FlutterFirebaseMessagingBackgroundService"
179-->[:firebase_messaging] AndroidManifest.xml:15:13-107
180            android:exported="false"
180-->[:firebase_messaging] AndroidManifest.xml:16:13-37
181            android:permission="android.permission.BIND_JOB_SERVICE" />
181-->[:firebase_messaging] AndroidManifest.xml:17:13-69
182        <service
182-->[:firebase_messaging] AndroidManifest.xml:18:9-24:19
183            android:name="io.flutter.plugins.firebase.messaging.FlutterFirebaseMessagingService"
183-->[:firebase_messaging] AndroidManifest.xml:19:13-97
184            android:exported="false" >
184-->[:firebase_messaging] AndroidManifest.xml:20:13-37
185            <intent-filter>
185-->[:firebase_messaging] AndroidManifest.xml:21:13-23:29
186                <action android:name="com.google.firebase.MESSAGING_EVENT" />
186-->[:firebase_messaging] AndroidManifest.xml:22:17-78
186-->[:firebase_messaging] AndroidManifest.xml:22:25-75
187            </intent-filter>
188        </service>
189
190        <receiver
190-->[:firebase_messaging] AndroidManifest.xml:26:9-33:20
191            android:name="io.flutter.plugins.firebase.messaging.FlutterFirebaseMessagingReceiver"
191-->[:firebase_messaging] AndroidManifest.xml:27:13-98
192            android:exported="true"
192-->[:firebase_messaging] AndroidManifest.xml:28:13-36
193            android:permission="com.google.android.c2dm.permission.SEND" >
193-->[:firebase_messaging] AndroidManifest.xml:29:13-73
194            <intent-filter>
194-->[:firebase_messaging] AndroidManifest.xml:30:13-32:29
195                <action android:name="com.google.android.c2dm.intent.RECEIVE" />
195-->[:firebase_messaging] AndroidManifest.xml:31:17-81
195-->[:firebase_messaging] AndroidManifest.xml:31:25-78
196            </intent-filter>
197        </receiver>
198
199        <provider
199-->[:firebase_messaging] AndroidManifest.xml:41:9-45:38
200            android:name="io.flutter.plugins.firebase.messaging.FlutterFirebaseMessagingInitProvider"
200-->[:firebase_messaging] AndroidManifest.xml:42:13-102
201            android:authorities="com.example.luggease.flutterfirebasemessaginginitprovider"
201-->[:firebase_messaging] AndroidManifest.xml:43:13-88
202            android:exported="false"
202-->[:firebase_messaging] AndroidManifest.xml:44:13-37
203            android:initOrder="99" />
203-->[:firebase_messaging] AndroidManifest.xml:45:13-35
204
205        <uses-library
205-->[androidx.window:window:1.2.0] AndroidManifest.xml:23:9-25:40
206            android:name="androidx.window.extensions"
206-->[androidx.window:window:1.2.0] AndroidManifest.xml:24:13-54
207            android:required="false" />
207-->[androidx.window:window:1.2.0] AndroidManifest.xml:25:13-37
208        <uses-library
208-->[androidx.window:window:1.2.0] AndroidManifest.xml:26:9-28:40
209            android:name="androidx.window.sidecar"
209-->[androidx.window:window:1.2.0] AndroidManifest.xml:27:13-51
210            android:required="false" />
210-->[androidx.window:window:1.2.0] AndroidManifest.xml:28:13-37
211
212        <meta-data
212-->[com.google.maps.android:android-maps-utils:4.1.0] AndroidManifest.xml:24:9-26:69
213            android:name="com.google.android.gms.version"
213-->[com.google.maps.android:android-maps-utils:4.1.0] AndroidManifest.xml:25:13-58
214            android:value="@integer/google_play_services_version" />
214-->[com.google.maps.android:android-maps-utils:4.1.0] AndroidManifest.xml:26:13-66
215
216        <provider
216-->[com.google.maps.android:android-maps-utils:4.1.0] AndroidManifest.xml:28:9-36:20
217            android:name="androidx.startup.InitializationProvider"
217-->[com.google.maps.android:android-maps-utils:4.1.0] AndroidManifest.xml:29:13-67
218            android:authorities="com.example.luggease.androidx-startup"
218-->[com.google.maps.android:android-maps-utils:4.1.0] AndroidManifest.xml:30:13-68
219            android:exported="false" >
219-->[com.google.maps.android:android-maps-utils:4.1.0] AndroidManifest.xml:31:13-37
220            <meta-data
220-->[com.google.maps.android:android-maps-utils:4.1.0] AndroidManifest.xml:33:13-35:52
221                android:name="com.google.maps.android.utils.attribution.AttributionIdInitializer"
221-->[com.google.maps.android:android-maps-utils:4.1.0] AndroidManifest.xml:34:17-98
222                android:value="androidx.startup" />
222-->[com.google.maps.android:android-maps-utils:4.1.0] AndroidManifest.xml:35:17-49
223            <meta-data
223-->[androidx.emoji2:emoji2:1.3.0] AndroidManifest.xml:29:13-31:52
224                android:name="androidx.emoji2.text.EmojiCompatInitializer"
224-->[androidx.emoji2:emoji2:1.3.0] AndroidManifest.xml:30:17-75
225                android:value="androidx.startup" />
225-->[androidx.emoji2:emoji2:1.3.0] AndroidManifest.xml:31:17-49
226            <meta-data
226-->[androidx.lifecycle:lifecycle-process:2.7.0] AndroidManifest.xml:29:13-31:52
227                android:name="androidx.lifecycle.ProcessLifecycleInitializer"
227-->[androidx.lifecycle:lifecycle-process:2.7.0] AndroidManifest.xml:30:17-78
228                android:value="androidx.startup" />
228-->[androidx.lifecycle:lifecycle-process:2.7.0] AndroidManifest.xml:31:17-49
229            <meta-data
229-->[androidx.profileinstaller:profileinstaller:1.4.0] AndroidManifest.xml:29:13-31:52
230                android:name="androidx.profileinstaller.ProfileInstallerInitializer"
230-->[androidx.profileinstaller:profileinstaller:1.4.0] AndroidManifest.xml:30:17-85
231                android:value="androidx.startup" />
231-->[androidx.profileinstaller:profileinstaller:1.4.0] AndroidManifest.xml:31:17-49
232        </provider>
233
234        <receiver
234-->[com.google.firebase:firebase-messaging:24.1.2] AndroidManifest.xml:29:9-40:20
235            android:name="com.google.firebase.iid.FirebaseInstanceIdReceiver"
235-->[com.google.firebase:firebase-messaging:24.1.2] AndroidManifest.xml:30:13-78
236            android:exported="true"
236-->[com.google.firebase:firebase-messaging:24.1.2] AndroidManifest.xml:31:13-36
237            android:permission="com.google.android.c2dm.permission.SEND" >
237-->[com.google.firebase:firebase-messaging:24.1.2] AndroidManifest.xml:32:13-73
238            <intent-filter>
238-->[:firebase_messaging] AndroidManifest.xml:30:13-32:29
239                <action android:name="com.google.android.c2dm.intent.RECEIVE" />
239-->[:firebase_messaging] AndroidManifest.xml:31:17-81
239-->[:firebase_messaging] AndroidManifest.xml:31:25-78
240            </intent-filter>
241
242            <meta-data
242-->[com.google.firebase:firebase-messaging:24.1.2] AndroidManifest.xml:37:13-39:40
243                android:name="com.google.android.gms.cloudmessaging.FINISHED_AFTER_HANDLED"
243-->[com.google.firebase:firebase-messaging:24.1.2] AndroidManifest.xml:38:17-92
244                android:value="true" />
244-->[com.google.firebase:firebase-messaging:24.1.2] AndroidManifest.xml:39:17-37
245        </receiver>
246        <!--
247             FirebaseMessagingService performs security checks at runtime,
248             but set to not exported to explicitly avoid allowing another app to call it.
249        -->
250        <service
250-->[com.google.firebase:firebase-messaging:24.1.2] AndroidManifest.xml:46:9-53:19
251            android:name="com.google.firebase.messaging.FirebaseMessagingService"
251-->[com.google.firebase:firebase-messaging:24.1.2] AndroidManifest.xml:47:13-82
252            android:directBootAware="true"
252-->[com.google.firebase:firebase-messaging:24.1.2] AndroidManifest.xml:48:13-43
253            android:exported="false" >
253-->[com.google.firebase:firebase-messaging:24.1.2] AndroidManifest.xml:49:13-37
254            <intent-filter android:priority="-500" >
254-->[:firebase_messaging] AndroidManifest.xml:21:13-23:29
255                <action android:name="com.google.firebase.MESSAGING_EVENT" />
255-->[:firebase_messaging] AndroidManifest.xml:22:17-78
255-->[:firebase_messaging] AndroidManifest.xml:22:25-75
256            </intent-filter>
257        </service>
258
259        <activity
259-->[com.google.firebase:firebase-auth:23.2.1] AndroidManifest.xml:29:9-46:20
260            android:name="com.google.firebase.auth.internal.GenericIdpActivity"
260-->[com.google.firebase:firebase-auth:23.2.1] AndroidManifest.xml:30:13-80
261            android:excludeFromRecents="true"
261-->[com.google.firebase:firebase-auth:23.2.1] AndroidManifest.xml:31:13-46
262            android:exported="true"
262-->[com.google.firebase:firebase-auth:23.2.1] AndroidManifest.xml:32:13-36
263            android:launchMode="singleTask"
263-->[com.google.firebase:firebase-auth:23.2.1] AndroidManifest.xml:33:13-44
264            android:theme="@android:style/Theme.Translucent.NoTitleBar" >
264-->[com.google.firebase:firebase-auth:23.2.1] AndroidManifest.xml:34:13-72
265            <intent-filter>
265-->[com.google.firebase:firebase-auth:23.2.1] AndroidManifest.xml:35:13-45:29
266                <action android:name="android.intent.action.VIEW" />
266-->[com.google.firebase:firebase-auth:23.2.1] AndroidManifest.xml:36:17-69
266-->[com.google.firebase:firebase-auth:23.2.1] AndroidManifest.xml:36:25-66
267
268                <category android:name="android.intent.category.DEFAULT" />
268-->[com.google.firebase:firebase-auth:23.2.1] AndroidManifest.xml:38:17-76
268-->[com.google.firebase:firebase-auth:23.2.1] AndroidManifest.xml:38:27-73
269                <category android:name="android.intent.category.BROWSABLE" />
269-->[com.google.firebase:firebase-auth:23.2.1] AndroidManifest.xml:39:17-78
269-->[com.google.firebase:firebase-auth:23.2.1] AndroidManifest.xml:39:27-75
270
271                <data
271-->src\main\AndroidManifest.xml:38:13-50
272                    android:host="firebase.auth"
273                    android:path="/"
274                    android:scheme="genericidp" />
275            </intent-filter>
276        </activity>